
> networthapp@0.1.0 build
> next build

Attention: Next.js now collects completely anonymous telemetry regarding usage.
This information is used to shape Next.js' roadmap and prioritize features.
You can learn more, including how to opt-out if you'd not like to participate in this anonymous program, by visiting the following URL:
https://nextjs.org/telemetry

   ▲ Next.js 15.3.3
   - Environments: .env

   Creating an optimized production build ...
> [PWA] Compile server
> [PWA] Compile server
> [PWA] Compile client (static)
> [PWA] Auto register service worker with: /app/node_modules/next-pwa/register.js
> [PWA] Service worker: /app/public/sw.js
> [PWA]   url: /sw.js
> [PWA]   scope: /
Failed to compile.

./src/app/globals.css.webpack[javascript/auto]!=!./node_modules/next/dist/build/webpack/loaders/css-loader/src/index.js??ruleSet[1].rules[13].oneOf[10].use[2]!./node_modules/next/dist/build/webpack/loaders/postcss-loader/src/index.js??ruleSet[1].rules[13].oneOf[10].use[3]!./src/app/globals.css
Error: It looks like you're trying to use `tailwindcss` directly as a PostCSS plugin. The PostCSS plugin has moved to a separate package, so to continue using Tailwind CSS with PostCSS you'll need to install `@tailwindcss/postcss` and update your PostCSS configuration.
    at We (/app/node_modules/tailwindcss/dist/lib.js:35:2121)
    at LazyResult.runOnRoot (/app/node_modules/next/node_modules/postcss/lib/lazy-result.js:329:16)
    at LazyResult.runAsync (/app/node_modules/next/node_modules/postcss/lib/lazy-result.js:258:26)
    at LazyResult.async (/app/node_modules/next/node_modules/postcss/lib/lazy-result.js:160:30)
    at LazyResult.then (/app/node_modules/next/node_modules/postcss/lib/lazy-result.js:404:17)
    at process.processTicksAndRejections (node:internal/process/task_queues:95:5)

Import trace for requested module:
./src/app/globals.css.webpack[javascript/auto]!=!./node_modules/next/dist/build/webpack/loaders/css-loader/src/index.js??ruleSet[1].rules[13].oneOf[10].use[2]!./node_modules/next/dist/build/webpack/loaders/postcss-loader/src/index.js??ruleSet[1].rules[13].oneOf[10].use[3]!./src/app/globals.css
./src/app/globals.css

./src/app/globals.css
Error: It looks like you're trying to use `tailwindcss` directly as a PostCSS plugin. The PostCSS plugin has moved to a separate package, so to continue using Tailwind CSS with PostCSS you'll need to install `@tailwindcss/postcss` and update your PostCSS configuration.
    at We (/app/node_modules/tailwindcss/dist/lib.js:35:2121)
    at LazyResult.runOnRoot (/app/node_modules/next/node_modules/postcss/lib/lazy-result.js:329:16)
    at LazyResult.runAsync (/app/node_modules/next/node_modules/postcss/lib/lazy-result.js:258:26)
    at LazyResult.async (/app/node_modules/next/node_modules/postcss/lib/lazy-result.js:160:30)
    at LazyResult.then (/app/node_modules/next/node_modules/postcss/lib/lazy-result.js:404:17)
    at process.processTicksAndRejections (node:internal/process/task_queues:95:5)
    at tryRunOrWebpackError (/app/node_modules/next/dist/compiled/webpack/bundle5.js:29:316142)
    at __webpack_require_module__ (/app/node_modules/next/dist/compiled/webpack/bundle5.js:29:131548)
    at __nested_webpack_require_161494__ (/app/node_modules/next/dist/compiled/webpack/bundle5.js:29:130983)
    at /app/node_modules/next/dist/compiled/webpack/bundle5.js:29:131840
    at symbolIterator (/app/node_modules/next/dist/compiled/neo-async/async.js:1:14444)
    at done (/app/node_modules/next/dist/compiled/neo-async/async.js:1:14824)
    at Hook.eval [as callAsync] (eval at create (/app/node_modules/next/dist/compiled/webpack/bundle5.js:14:9224), <anonymous>:15:1)
    at Hook.CALL_ASYNC_DELEGATE [as _callAsync] (/app/node_modules/next/dist/compiled/webpack/bundle5.js:14:6378)
    at /app/node_modules/next/dist/compiled/webpack/bundle5.js:29:130703
    at symbolIterator (/app/node_modules/next/dist/compiled/neo-async/async.js:1:14402)
-- inner error --
Error: It looks like you're trying to use `tailwindcss` directly as a PostCSS plugin. The PostCSS plugin has moved to a separate package, so to continue using Tailwind CSS with PostCSS you'll need to install `@tailwindcss/postcss` and update your PostCSS configuration.
    at We (/app/node_modules/tailwindcss/dist/lib.js:35:2121)
    at LazyResult.runOnRoot (/app/node_modules/next/node_modules/postcss/lib/lazy-result.js:329:16)
    at LazyResult.runAsync (/app/node_modules/next/node_modules/postcss/lib/lazy-result.js:258:26)
    at LazyResult.async (/app/node_modules/next/node_modules/postcss/lib/lazy-result.js:160:30)
    at LazyResult.then (/app/node_modules/next/node_modules/postcss/lib/lazy-result.js:404:17)
    at process.processTicksAndRejections (node:internal/process/task_queues:95:5)
    at Object.<anonymous> (/app/node_modules/next/dist/build/webpack/loaders/css-loader/src/index.js??ruleSet[1].rules[13].oneOf[10].use[2]!/app/node_modules/next/dist/build/webpack/loaders/postcss-loader/src/index.js??ruleSet[1].rules[13].oneOf[10].use[3]!/app/src/app/globals.css:1:7)
    at /app/node_modules/next/dist/compiled/webpack/bundle5.js:29:962742
    at Hook.eval [as call] (eval at create (/app/node_modules/next/dist/compiled/webpack/bundle5.js:14:9002), <anonymous>:7:1)
    at Hook.CALL_DELEGATE [as _call] (/app/node_modules/next/dist/compiled/webpack/bundle5.js:14:6272)
    at /app/node_modules/next/dist/compiled/webpack/bundle5.js:29:131581
    at tryRunOrWebpackError (/app/node_modules/next/dist/compiled/webpack/bundle5.js:29:316096)
    at __webpack_require_module__ (/app/node_modules/next/dist/compiled/webpack/bundle5.js:29:131548)
    at __nested_webpack_require_161494__ (/app/node_modules/next/dist/compiled/webpack/bundle5.js:29:130983)
    at /app/node_modules/next/dist/compiled/webpack/bundle5.js:29:131840
    at symbolIterator (/app/node_modules/next/dist/compiled/neo-async/async.js:1:14444)

Generated code for /app/node_modules/next/dist/build/webpack/loaders/css-loader/src/index.js??ruleSet[1].rules[13].oneOf[10].use[2]!/app/node_modules/next/dist/build/webpack/loaders/postcss-loader/src/index.js??ruleSet[1].rules[13].oneOf[10].use[3]!/app/src/app/globals.css

Import trace for requested module:
./src/app/globals.css


> Build failed because of webpack errors
