
> networthapp@0.1.0 build
> next build

   ▲ Next.js 15.3.3
   - Environments: .env

   Creating an optimized production build ...
> [PWA] Compile server
> [PWA] Compile server
> [PWA] Compile client (static)
> [PWA] Auto register service worker with: /app/node_modules/next-pwa/register.js
> [PWA] Service worker: /app/public/sw.js
> [PWA]   url: /sw.js
> [PWA]   scope: /
 ✓ Compiled successfully in 11.0s
   Linting and checking validity of types ...
Failed to compile.

./tailwind.config.ts:4:3
Type error: Type '["class"]' is not assignable to type 'DarkModeStrategy | undefined'.
  Type '["class"]' is not assignable to type '["class", string]'.
    Source has 1 element(s) but target requires 2.

[0m [90m 2 |[39m[0m
[0m [90m 3 |[39m [36mconst[39m config[33m:[39m [33mConfig[39m [33m=[39m {[0m
[0m[31m[1m>[22m[39m[90m 4 |[39m   darkMode[33m:[39m [[32m"class"[39m][33m,[39m[0m
[0m [90m   |[39m   [31m[1m^[22m[39m[0m
[0m [90m 5 |[39m   content[33m:[39m [[0m
[0m [90m 6 |[39m     [32m'./src/pages/**/*.{js,ts,jsx,tsx,mdx}'[39m[33m,[39m[0m
[0m [90m 7 |[39m     [32m'./src/components/**/*.{js,ts,jsx,tsx,mdx}'[39m[33m,[39m[0m
Next.js build worker exited with code: 1 and signal: null
